<?xml version="1.0" encoding="UTF-8"?>
<!-- Generated by org.testng.reporters.JUnitReportReporter -->
<testsuite hostname="Rohan" failures="0" tests="1" name="Sample1.Demo2" time="6.266" errors="0" timestamp="2024-11-29T10:56:56 IST" skipped="0">
  <testcase classname="Sample1.Demo2" name="TC1" time="6.266"/>
  <system-out/>
</testsuite> <!-- Sample1.Demo2 -->
