<?xml version="1.0" encoding="UTF-8"?>
<!-- Generated by org.testng.reporters.JUnitReportReporter -->
<testsuite hostname="Rohan" failures="0" tests="1" name="Sample1.Demo1" time="5.902" errors="0" timestamp="2024-11-29T11:02:09 IST" skipped="0">
  <testcase classname="Sample1.Demo1" name="TC1" time="5.902"/>
</testsuite> <!-- Sample1.Demo1 -->
